<?xml version="1.0" encoding="UTF-8" ?>
<testsuites name="vitest tests" tests="211" failures="0" errors="0" time="6.736731126">
    <testsuite name="apps/api/tests/db-schema.test.ts" timestamp="2026-05-22T10:05:20.225Z" hostname="runnervmrw5os" tests="7" failures="0" errors="0" skipped="0" time="0.006390964">
        <testcase classname="apps/api/tests/db-schema.test.ts" name="app Drizzle schema &gt; keeps climbs and breaks in session_entries without legacy photo/attempt columns" time="0.001809082">
        </testcase>
        <testcase classname="apps/api/tests/db-schema.test.ts" name="app Drizzle schema &gt; defines session_entry_images with lookup columns and stable index ordering" time="0.000535684">
        </testcase>
        <testcase classname="apps/api/tests/db-schema.test.ts" name="app Drizzle schema &gt; defines climb_attempts with per-entry sequence and bigint duration" time="0.000363311">
        </testcase>
        <testcase classname="apps/api/tests/db-schema.test.ts" name="app Drizzle schema &gt; indexes sessions for user history queries" time="0.000240401">
        </testcase>
        <testcase classname="apps/api/tests/db-schema.test.ts" name="app Drizzle schema &gt; defines gyms with grades and locations arrays" time="0.000348483">
        </testcase>
        <testcase classname="apps/api/tests/db-schema.test.ts" name="app Drizzle migrations &gt; includes a migration that adds images and attempts tables" time="0.000597821">
        </testcase>
        <testcase classname="apps/api/tests/db-schema.test.ts" name="app Drizzle migrations &gt; seeds the Sydney gym catalog with locations in migration 0003" time="0.000518862">
        </testcase>
    </testsuite>
    <testsuite name="apps/api/tests/gyms.test.ts" timestamp="2026-05-22T10:05:20.228Z" hostname="runnervmrw5os" tests="3" failures="0" errors="0" skipped="0" time="0.049395754">
        <testcase classname="apps/api/tests/gyms.test.ts" name="gyms list persistence &gt; returns gyms with ordered grades and ISO updatedAt" time="0.005000196">
        </testcase>
        <testcase classname="apps/api/tests/gyms.test.ts" name="gyms routes &gt; returns 401 without an authenticated session" time="0.034031023">
        </testcase>
        <testcase classname="apps/api/tests/gyms.test.ts" name="gyms routes &gt; returns the read-only gym catalog for authenticated users" time="0.008173197">
        </testcase>
    </testsuite>
    <testsuite name="apps/api/tests/protected-user.test.ts" timestamp="2026-05-22T10:05:20.229Z" hostname="runnervmrw5os" tests="3" failures="0" errors="0" skipped="0" time="0.041935732">
        <testcase classname="apps/api/tests/protected-user.test.ts" name="protected user middleware &gt; returns 401 when auth headers are missing" time="0.035313264">
        </testcase>
        <testcase classname="apps/api/tests/protected-user.test.ts" name="protected user middleware &gt; returns 401 when auth headers do not resolve to a valid session" time="0.001379988">
        </testcase>
        <testcase classname="apps/api/tests/protected-user.test.ts" name="protected user middleware &gt; stores the authenticated user ID when a valid session is present" time="0.003271495">
        </testcase>
    </testsuite>
    <testsuite name="apps/api/tests/session-history.test.ts" timestamp="2026-05-22T10:05:20.229Z" hostname="runnervmrw5os" tests="8" failures="0" errors="0" skipped="0" time="0.066619235">
        <testcase classname="apps/api/tests/session-history.test.ts" name="session history list persistence &gt; returns paginated list items scoped to the user" time="0.006844314">
        </testcase>
        <testcase classname="apps/api/tests/session-history.test.ts" name="session history list persistence &gt; returns a next cursor when more sessions exist" time="0.001894062">
        </testcase>
        <testcase classname="apps/api/tests/session-history.test.ts" name="session detail persistence &gt; returns ordered entries, images, and attempt counts for the user session" time="0.003043156">
        </testcase>
        <testcase classname="apps/api/tests/session-history.test.ts" name="session detail persistence &gt; returns null when the session is not owned by the user" time="0.001688907">
        </testcase>
        <testcase classname="apps/api/tests/session-history.test.ts" name="session history routes &gt; returns 401 without an authenticated session for list and detail" time="0.033877788">
        </testcase>
        <testcase classname="apps/api/tests/session-history.test.ts" name="session history routes &gt; scopes history reads to the authenticated user" time="0.009354852">
        </testcase>
        <testcase classname="apps/api/tests/session-history.test.ts" name="session history routes &gt; returns 404 when the authenticated user does not own the session" time="0.002176191">
        </testcase>
        <testcase classname="apps/api/tests/session-history.test.ts" name="session history routes &gt; returns session detail only for the owning user" time="0.005164505">
        </testcase>
    </testsuite>
    <testsuite name="apps/api/tests/session-sync.test.ts" timestamp="2026-05-22T10:05:20.231Z" hostname="runnervmrw5os" tests="6" failures="0" errors="0" skipped="0" time="0.057144478">
        <testcase classname="apps/api/tests/session-sync.test.ts" name="syncSession persistence &gt; upserts the session, entries, images, and climb attempts for the user" time="0.009445131">
        </testcase>
        <testcase classname="apps/api/tests/session-sync.test.ts" name="syncSession persistence &gt; updates existing climb attempts on retry instead of inserting duplicates" time="0.002310243">
        </testcase>
        <testcase classname="apps/api/tests/session-sync.test.ts" name="syncSession persistence &gt; rejects invalid locations for the selected gym" time="0.00180793">
        </testcase>
        <testcase classname="apps/api/tests/session-sync.test.ts" name="syncSession persistence &gt; accepts null location when the gym has catalog locations" time="0.001441353">
        </testcase>
        <testcase classname="apps/api/tests/session-sync.test.ts" name="syncSession persistence &gt; rejects syncing a session owned by another user" time="0.000797396">
        </testcase>
        <testcase classname="apps/api/tests/session-sync.test.ts" name="session sync route &gt; returns 401 without an authenticated session" time="0.038842848">
        </testcase>
    </testsuite>
    <testsuite name="apps/api/tests/uploads.test.ts" timestamp="2026-05-22T10:05:20.232Z" hostname="runnervmrw5os" tests="6" failures="0" errors="0" skipped="0" time="0.060393053">
        <testcase classname="apps/api/tests/uploads.test.ts" name="upload object keys &gt; builds userId/sessionId/entryId/timestamp-index.ext from MIME type" time="0.00230372">
        </testcase>
        <testcase classname="apps/api/tests/uploads.test.ts" name="upload object keys &gt; builds stable photo URLs from the configured public base" time="0.000472155">
        </testcase>
        <testcase classname="apps/api/tests/uploads.test.ts" name="createPresignedUpload &gt; returns upload URL, object key, photo URL, and image metadata" time="0.003931893">
        </testcase>
        <testcase classname="apps/api/tests/uploads.test.ts" name="presigned upload routes &gt; returns 401 without an authenticated session" time="0.037729981">
        </testcase>
        <testcase classname="apps/api/tests/uploads.test.ts" name="presigned upload routes &gt; rejects uploads over 30 MB before the handler runs" time="0.006580299">
        </testcase>
        <testcase classname="apps/api/tests/uploads.test.ts" name="presigned upload routes &gt; returns presigned upload metadata for authenticated users" time="0.00688842">
        </testcase>
    </testsuite>
    <testsuite name="packages/auth/tests/auth-config.test.ts" timestamp="2026-05-22T10:05:20.233Z" hostname="runnervmrw5os" tests="9" failures="0" errors="0" skipped="0" time="0.008150022">
        <testcase classname="packages/auth/tests/auth-config.test.ts" name="auth env bindings &gt; accepts only the four core fields — optional fields may be absent" time="0.00244232">
        </testcase>
        <testcase classname="packages/auth/tests/auth-config.test.ts" name="auth env bindings &gt; accepts all optional provider fields when present" time="0.000395472">
        </testcase>
        <testcase classname="packages/auth/tests/auth-config.test.ts" name="auth provider config &gt; keeps provider config empty for the email/password baseline" time="0.000798778">
        </testcase>
        <testcase classname="packages/auth/tests/auth-config.test.ts" name="auth provider config &gt; enables Google, Discord, and passkey when complete env is present" time="0.000403587">
        </testcase>
        <testcase classname="packages/auth/tests/auth-config.test.ts" name="auth provider config &gt; uses BETTER_AUTH_URL as the passkey origin when no override is set" time="0.000336481">
        </testcase>
        <testcase classname="packages/auth/tests/auth-config.test.ts" name="auth provider config &gt; rejects partial OAuth provider credentials" time="0.000860624">
        </testcase>
        <testcase classname="packages/auth/tests/auth-config.test.ts" name="auth provider config &gt; rejects invalid passkey RP ID and origin values" time="0.000531867">
        </testcase>
        <testcase classname="packages/auth/tests/auth-config.test.ts" name="auth server interface &gt; reports missing required env bindings before creating database clients" time="0.000457147">
        </testcase>
        <testcase classname="packages/auth/tests/auth-config.test.ts" name="auth server interface &gt; exposes a handler method accepting a Request" time="0.000292889">
        </testcase>
    </testsuite>
    <testsuite name="apps/frontend/tests/api-contract-rpc.test.ts" timestamp="2026-05-22T10:05:20.236Z" hostname="runnervmrw5os" tests="3" failures="0" errors="0" skipped="0" time="0.005664491">
        <testcase classname="apps/frontend/tests/api-contract-rpc.test.ts" name="frontend api-contract boundary &gt; imports the shared RPC client without apps/api" time="0.002641082">
        </testcase>
        <testcase classname="apps/frontend/tests/api-contract-rpc.test.ts" name="frontend api-contract boundary &gt; types responses through the shared contract" time="0.000344386">
        </testcase>
        <testcase classname="apps/frontend/tests/api-contract-rpc.test.ts" name="frontend api-contract boundary &gt; allows creating a client from the same export surface" time="0.000370504">
        </testcase>
    </testsuite>
    <testsuite name="apps/frontend/tests/auth-actions.test.tsx" timestamp="2026-05-22T10:05:20.236Z" hostname="runnervmrw5os" tests="10" failures="0" errors="0" skipped="0" time="0.559717952">
        <testcase classname="apps/frontend/tests/auth-actions.test.tsx" name="AuthActions &gt; shows session restoration while account state is pending" time="0.052847757">
        </testcase>
        <testcase classname="apps/frontend/tests/auth-actions.test.tsx" name="AuthActions &gt; signs in with email and password" time="0.071113851">
        </testcase>
        <testcase classname="apps/frontend/tests/auth-actions.test.tsx" name="AuthActions &gt; signs up with name, email, and password" time="0.101377125">
        </testcase>
        <testcase classname="apps/frontend/tests/auth-actions.test.tsx" name="AuthActions &gt; shows error message when sign-in fails" time="0.043306085">
        </testcase>
        <testcase classname="apps/frontend/tests/auth-actions.test.tsx" name="AuthActions &gt; signs out authenticated user" time="0.038702543">
        </testcase>
        <testcase classname="apps/frontend/tests/auth-actions.test.tsx" name="AuthActions &gt; exposes visible labels on provider buttons" time="0.049645194">
        </testcase>
        <testcase classname="apps/frontend/tests/auth-actions.test.tsx" name="AuthActions &gt; starts Google sign-in" time="0.065304435">
        </testcase>
        <testcase classname="apps/frontend/tests/auth-actions.test.tsx" name="AuthActions &gt; starts Discord sign-in" time="0.053045566">
        </testcase>
        <testcase classname="apps/frontend/tests/auth-actions.test.tsx" name="AuthActions &gt; starts explicit passkey sign-in without conditional UI" time="0.045250932">
        </testcase>
        <testcase classname="apps/frontend/tests/auth-actions.test.tsx" name="AuthActions &gt; only registers passkeys for authenticated users" time="0.036704356">
        </testcase>
    </testsuite>
    <testsuite name="apps/frontend/tests/route-gating.test.tsx" timestamp="2026-05-22T10:05:20.238Z" hostname="runnervmrw5os" tests="9" failures="0" errors="0" skipped="0" time="1.042635982">
        <testcase classname="apps/frontend/tests/route-gating.test.tsx" name="offline-first route access &gt; renders tracker for signed-out users without redirecting home" time="0.275537146">
        </testcase>
        <testcase classname="apps/frontend/tests/route-gating.test.tsx" name="offline-first route access &gt; renders history for signed-out users without redirecting home" time="0.120630665">
        </testcase>
        <testcase classname="apps/frontend/tests/route-gating.test.tsx" name="offline-first route access &gt; shows only local history items when signed out" time="0.081530965">
        </testcase>
        <testcase classname="apps/frontend/tests/route-gating.test.tsx" name="offline-first route access &gt; allows signed-in users to view tracker" time="0.101448661">
        </testcase>
        <testcase classname="apps/frontend/tests/route-gating.test.tsx" name="offline-first route access &gt; allows signed-in users to view history and load cloud sessions" time="0.090885173">
        </testcase>
        <testcase classname="apps/frontend/tests/route-gating.test.tsx" name="route shell smoke tests &gt; renders the tracker route with the mobile navigation shell" time="0.116400387">
        </testcase>
        <testcase classname="apps/frontend/tests/route-gating.test.tsx" name="route shell smoke tests &gt; renders the history route" time="0.078434496">
        </testcase>
        <testcase classname="apps/frontend/tests/route-gating.test.tsx" name="route shell smoke tests &gt; renders the settings route with appearance and offline controls" time="0.08938513">
        </testcase>
        <testcase classname="apps/frontend/tests/route-gating.test.tsx" name="route shell smoke tests &gt; renders the account route placeholder" time="0.085718834">
        </testcase>
    </testsuite>
    <testsuite name="apps/frontend/tests/components/app-shell.test.tsx" timestamp="2026-05-22T10:05:20.239Z" hostname="runnervmrw5os" tests="17" failures="0" errors="0" skipped="0" time="1.796796424">
        <testcase classname="apps/frontend/tests/components/app-shell.test.tsx" name="AppShell active session timer &gt; hides the session timer when there is no active draft" time="0.198896237">
        </testcase>
        <testcase classname="apps/frontend/tests/components/app-shell.test.tsx" name="AppShell active session timer &gt; hides the session timer when the draft is not active" time="0.053868574">
        </testcase>
        <testcase classname="apps/frontend/tests/components/app-shell.test.tsx" name="AppShell active session timer &gt; shows the session timer in the side nav when a session is active and the nav is open" time="0.069602535">
        </testcase>
        <testcase classname="apps/frontend/tests/components/app-shell.test.tsx" name="AppShell active session timer &gt; shows a compact session timer in the header when the nav is collapsed" time="0.097870331">
        </testcase>
        <testcase classname="apps/frontend/tests/components/app-shell.test.tsx" name="AppShell active session timer &gt; ticks via requestAnimationFrame without per-second form updates" time="0.065695168">
        </testcase>
        <testcase classname="apps/frontend/tests/components/app-shell.test.tsx" name="AppShell navigation &gt; mobile layout &gt; shows the brand in the header, not in the side nav" time="0.111696206">
        </testcase>
        <testcase classname="apps/frontend/tests/components/app-shell.test.tsx" name="AppShell navigation &gt; mobile layout &gt; shows a burger menu without bottom tab bar and collapsed side nav" time="0.066912561">
        </testcase>
        <testcase classname="apps/frontend/tests/components/app-shell.test.tsx" name="AppShell navigation &gt; mobile layout &gt; opens the side nav drawer when the burger is pressed" time="0.11719112">
        </testcase>
        <testcase classname="apps/frontend/tests/components/app-shell.test.tsx" name="AppShell navigation &gt; mobile layout &gt; opens the account menu from the header avatar" time="0.09545933">
        </testcase>
        <testcase classname="apps/frontend/tests/components/app-shell.test.tsx" name="AppShell navigation &gt; mobile layout &gt; routes from the drawer and closes it after navigation" time="0.190217004">
        </testcase>
        <testcase classname="apps/frontend/tests/components/app-shell.test.tsx" name="AppShell navigation &gt; mobile layout &gt; marks the active drawer link when on that route" time="0.085633459">
        </testcase>
        <testcase classname="apps/frontend/tests/components/app-shell.test.tsx" name="AppShell navigation &gt; desktop layout &gt; shows the brand in the header, not in the side nav" time="0.084255742">
        </testcase>
        <testcase classname="apps/frontend/tests/components/app-shell.test.tsx" name="AppShell navigation &gt; desktop layout &gt; shows a persistent side nav and burger toggle without bottom tab bar" time="0.066289051">
        </testcase>
        <testcase classname="apps/frontend/tests/components/app-shell.test.tsx" name="AppShell navigation &gt; desktop layout &gt; marks the active side nav link with aria-current" time="0.083336569">
        </testcase>
        <testcase classname="apps/frontend/tests/components/app-shell.test.tsx" name="AppShell navigation &gt; desktop layout &gt; routes when a side nav link is clicked" time="0.12345699">
        </testcase>
        <testcase classname="apps/frontend/tests/components/app-shell.test.tsx" name="AppShell navigation &gt; desktop layout &gt; shows signed-in user details and sign out in the account menu" time="0.163501503">
        </testcase>
        <testcase classname="apps/frontend/tests/components/app-shell.test.tsx" name="AppShell navigation &gt; desktop layout &gt; collapses the side nav when the burger is pressed" time="0.119933475">
        </testcase>
    </testsuite>
    <testsuite name="apps/frontend/tests/components/sync-queue-panel.test.tsx" timestamp="2026-05-22T10:05:20.242Z" hostname="runnervmrw5os" tests="1" failures="0" errors="0" skipped="0" time="0.101551348">
        <testcase classname="apps/frontend/tests/components/sync-queue-panel.test.tsx" name="sync queue panel &gt; shows queue counts, last error, and disabled sync guidance" time="0.0992431">
        </testcase>
    </testsuite>
    <testsuite name="apps/frontend/tests/components/timer-display.test.tsx" timestamp="2026-05-22T10:05:20.243Z" hostname="runnervmrw5os" tests="4" failures="0" errors="0" skipped="0" time="0.07334716">
        <testcase classname="apps/frontend/tests/components/timer-display.test.tsx" name="TimerDisplay &gt; renders idle timers as 0:00 without animation frames" time="0.044834957">
        </testcase>
        <testcase classname="apps/frontend/tests/components/timer-display.test.tsx" name="TimerDisplay &gt; renders stopped timers statically from accumulated duration" time="0.013798964">
        </testcase>
        <testcase classname="apps/frontend/tests/components/timer-display.test.tsx" name="TimerDisplay &gt; renders paused timers statically without scheduling frames" time="0.006550382">
        </testcase>
        <testcase classname="apps/frontend/tests/components/timer-display.test.tsx" name="TimerDisplay &gt; schedules animation frames while running" time="0.006014076">
        </testcase>
    </testsuite>
    <testsuite name="apps/frontend/tests/history/history-list.test.tsx" timestamp="2026-05-22T10:05:20.244Z" hostname="runnervmrw5os" tests="2" failures="0" errors="0" skipped="0" time="0.150762319">
        <testcase classname="apps/frontend/tests/history/history-list.test.tsx" name="history page &gt; renders merged items with pending badge and local separator" time="0.117883149">
        </testcase>
        <testcase classname="apps/frontend/tests/history/history-list.test.tsx" name="history list item &gt; links to the session detail route" time="0.030657365">
        </testcase>
    </testsuite>
    <testsuite name="apps/frontend/tests/history/merge-session-history.test.ts" timestamp="2026-05-22T10:05:20.244Z" hostname="runnervmrw5os" tests="3" failures="0" errors="0" skipped="0" time="0.009202802">
        <testcase classname="apps/frontend/tests/history/merge-session-history.test.ts" name="session history merge &gt; merges server and local pending/error sessions newest-first" time="0.005334102">
        </testcase>
        <testcase classname="apps/frontend/tests/history/merge-session-history.test.ts" name="session history merge &gt; excludes synced queue items and server-visible duplicates" time="0.001344728">
        </testcase>
        <testcase classname="apps/frontend/tests/history/merge-session-history.test.ts" name="local pending separator &gt; shows a separator before the first local-only row after server rows" time="0.000478687">
        </testcase>
    </testsuite>
    <testsuite name="apps/frontend/tests/history/session-detail-view.test.tsx" timestamp="2026-05-22T10:05:20.245Z" hostname="runnervmrw5os" tests="3" failures="0" errors="0" skipped="0" time="0.170606663">
        <testcase classname="apps/frontend/tests/history/session-detail-view.test.tsx" name="session detail view &gt; shows the session location under the gym name" time="0.090966459">
        </testcase>
        <testcase classname="apps/frontend/tests/history/session-detail-view.test.tsx" name="session detail view &gt; renders server entries and images in sequence order" time="0.042698563">
        </testcase>
        <testcase classname="apps/frontend/tests/history/session-detail-view.test.tsx" name="session detail view &gt; loads pending local images for a climb entry" time="0.034740595">
        </testcase>
    </testsuite>
    <testsuite name="apps/frontend/tests/history/sort-session-detail.test.ts" timestamp="2026-05-22T10:05:20.245Z" hostname="runnervmrw5os" tests="2" failures="0" errors="0" skipped="0" time="0.006647665">
        <testcase classname="apps/frontend/tests/history/sort-session-detail.test.ts" name="session detail ordering &gt; sorts entries by sequenceOrder" time="0.003747887">
        </testcase>
        <testcase classname="apps/frontend/tests/history/sort-session-detail.test.ts" name="session detail ordering &gt; sorts synced images by index" time="0.000543609">
        </testcase>
    </testsuite>
    <testsuite name="apps/frontend/tests/hooks/use-blob-object-url.test.tsx" timestamp="2026-05-22T10:05:20.246Z" hostname="runnervmrw5os" tests="2" failures="0" errors="0" skipped="0" time="0.038692263">
        <testcase classname="apps/frontend/tests/hooks/use-blob-object-url.test.tsx" name="blob object URL hook &gt; creates and revokes object URLs when the blob changes" time="0.032180842">
        </testcase>
        <testcase classname="apps/frontend/tests/hooks/use-blob-object-url.test.tsx" name="blob object URL hook &gt; clears the URL and revokes on unmount" time="0.004164609">
        </testcase>
    </testsuite>
    <testsuite name="apps/frontend/tests/lib/format-duration.test.ts" timestamp="2026-05-22T10:05:20.246Z" hostname="runnervmrw5os" tests="3" failures="0" errors="0" skipped="0" time="0.004336952">
        <testcase classname="apps/frontend/tests/lib/format-duration.test.ts" name="formatDurationMs &gt; formats sub-hour durations as M:SS" time="0.00190905">
        </testcase>
        <testcase classname="apps/frontend/tests/lib/format-duration.test.ts" name="formatDurationMs &gt; formats hour-plus durations as H:MM:SS" time="0.000360667">
        </testcase>
        <testcase classname="apps/frontend/tests/lib/format-duration.test.ts" name="formatDurationMs &gt; clamps negative values to zero" time="0.000238878">
        </testcase>
    </testsuite>
    <testsuite name="apps/frontend/tests/lib/sync-eligibility.test.ts" timestamp="2026-05-22T10:05:20.247Z" hostname="runnervmrw5os" tests="4" failures="0" errors="0" skipped="0" time="0.004803938">
        <testcase classname="apps/frontend/tests/lib/sync-eligibility.test.ts" name="sync eligibility &gt; blocks auto sync when manual offline mode is enabled" time="0.002201739">
        </testcase>
        <testcase classname="apps/frontend/tests/lib/sync-eligibility.test.ts" name="sync eligibility &gt; blocks auto sync when the browser is offline" time="0.000386855">
        </testcase>
        <testcase classname="apps/frontend/tests/lib/sync-eligibility.test.ts" name="sync eligibility &gt; allows auto sync when online, signed in, and manual mode is off" time="0.000344235">
        </testcase>
        <testcase classname="apps/frontend/tests/lib/sync-eligibility.test.ts" name="sync eligibility &gt; treats manual offline or browser offline as effectively offline" time="0.000311435">
        </testcase>
    </testsuite>
    <testsuite name="apps/frontend/tests/lib/timer-math.test.ts" timestamp="2026-05-22T10:05:20.248Z" hostname="runnervmrw5os" tests="7" failures="0" errors="0" skipped="0" time="0.014261431">
        <testcase classname="apps/frontend/tests/lib/timer-math.test.ts" name="timer math &gt; starts idle at zero elapsed" time="0.001847635">
        </testcase>
        <testcase classname="apps/frontend/tests/lib/timer-math.test.ts" name="timer math &gt; accumulates elapsed time while running" time="0.005454888">
        </testcase>
        <testcase classname="apps/frontend/tests/lib/timer-math.test.ts" name="timer math &gt; catches up after a sleep gap without pausing" time="0.001170045">
        </testcase>
        <testcase classname="apps/frontend/tests/lib/timer-math.test.ts" name="timer math &gt; pauses and freezes elapsed until resume" time="0.001490444">
        </testcase>
        <testcase classname="apps/frontend/tests/lib/timer-math.test.ts" name="timer math &gt; stops and preserves final duration" time="0.001211622">
        </testcase>
        <testcase classname="apps/frontend/tests/lib/timer-math.test.ts" name="timer math &gt; does not double-count when pause is called while already paused" time="0.000563015">
        </testcase>
        <testcase classname="apps/frontend/tests/lib/timer-math.test.ts" name="timer math &gt; throws when starting a stopped timer" time="0.000883257">
        </testcase>
    </testsuite>
    <testsuite name="apps/frontend/tests/offline/attach-synced-images.test.ts" timestamp="2026-05-22T10:05:20.249Z" hostname="runnervmrw5os" tests="1" failures="0" errors="0" skipped="0" time="0.008105918">
        <testcase classname="apps/frontend/tests/offline/attach-synced-images.test.ts" name="attach synced images to payload &gt; groups uploaded images onto climb entries by entry id" time="0.005845721">
        </testcase>
    </testsuite>
    <testsuite name="apps/frontend/tests/offline/draft-autosave.test.ts" timestamp="2026-05-22T10:05:20.249Z" hostname="runnervmrw5os" tests="1" failures="0" errors="0" skipped="0" time="0.016977934">
        <testcase classname="apps/frontend/tests/offline/draft-autosave.test.ts" name="draft autosave &gt; restores gym, entries, notes, and attempt timer state after refresh" time="0.015457052">
        </testcase>
    </testsuite>
    <testsuite name="apps/frontend/tests/offline/drain-sync-queue.test.ts" timestamp="2026-05-22T10:05:20.250Z" hostname="runnervmrw5os" tests="4" failures="0" errors="0" skipped="0" time="0.048350621">
        <testcase classname="apps/frontend/tests/offline/drain-sync-queue.test.ts" name="drain sync queue &gt; uploads images and submits the session for eligible queue items" time="0.031926745">
        </testcase>
        <testcase classname="apps/frontend/tests/offline/drain-sync-queue.test.ts" name="drain sync queue &gt; marks queue items as error when image upload fails" time="0.006875382">
        </testcase>
        <testcase classname="apps/frontend/tests/offline/drain-sync-queue.test.ts" name="drain sync queue &gt; marks queue items as error when session sync fails" time="0.004924354">
        </testcase>
        <testcase classname="apps/frontend/tests/offline/drain-sync-queue.test.ts" name="drain sync queue &gt; does nothing while manual offline mode is enabled" time="0.002258174">
        </testcase>
    </testsuite>
    <testsuite name="apps/frontend/tests/offline/finalize-session.test.ts" timestamp="2026-05-22T10:05:20.250Z" hostname="runnervmrw5os" tests="1" failures="0" errors="0" skipped="0" time="0.033385791">
        <testcase classname="apps/frontend/tests/offline/finalize-session.test.ts" name="finalize stopped session &gt; enqueues a payload and clears the active draft" time="0.031106056">
        </testcase>
    </testsuite>
    <testsuite name="apps/frontend/tests/offline/gym-cache.test.ts" timestamp="2026-05-22T10:05:20.251Z" hostname="runnervmrw5os" tests="3" failures="0" errors="0" skipped="0" time="0.038079241">
        <testcase classname="apps/frontend/tests/offline/gym-cache.test.ts" name="gym cache &gt; stores gyms from the API" time="0.026765216">
        </testcase>
        <testcase classname="apps/frontend/tests/offline/gym-cache.test.ts" name="gym cache &gt; falls back to cached gyms when offline" time="0.006321042">
        </testcase>
        <testcase classname="apps/frontend/tests/offline/gym-cache.test.ts" name="gym cache &gt; returns an empty list safely when cache and network are unavailable" time="0.002665438">
        </testcase>
    </testsuite>
    <testsuite name="apps/frontend/tests/offline/queue-orchestration.test.ts" timestamp="2026-05-22T10:05:20.251Z" hostname="runnervmrw5os" tests="5" failures="0" errors="0" skipped="0" time="0.009325296">
        <testcase classname="apps/frontend/tests/offline/queue-orchestration.test.ts" name="queue orchestration &gt; returns no eligible items when manual offline mode is enabled" time="0.003752706">
        </testcase>
        <testcase classname="apps/frontend/tests/offline/queue-orchestration.test.ts" name="queue orchestration &gt; returns no eligible items when the browser is offline" time="0.000434555">
        </testcase>
        <testcase classname="apps/frontend/tests/offline/queue-orchestration.test.ts" name="queue orchestration &gt; skips error items until nextRetryAt" time="0.00051183">
        </testcase>
        <testcase classname="apps/frontend/tests/offline/queue-orchestration.test.ts" name="queue orchestration &gt; includes retry-ready error items and pending items" time="0.000512811">
        </testcase>
        <testcase classname="apps/frontend/tests/offline/queue-orchestration.test.ts" name="queue orchestration &gt; marks syncing and error transitions with backoff metadata" time="0.001768536">
        </testcase>
    </testsuite>
    <testsuite name="apps/frontend/tests/offline/repositories.test.ts" timestamp="2026-05-22T10:05:20.252Z" hostname="runnervmrw5os" tests="5" failures="0" errors="0" skipped="0" time="0.043303968">
        <testcase classname="apps/frontend/tests/offline/repositories.test.ts" name="offline repositories &gt; cached gyms &gt; creates, reads, updates, and deletes gyms" time="0.019439979">
        </testcase>
        <testcase classname="apps/frontend/tests/offline/repositories.test.ts" name="offline repositories &gt; draft session &gt; creates, reads, updates, and deletes the active draft" time="0.004612008">
        </testcase>
        <testcase classname="apps/frontend/tests/offline/repositories.test.ts" name="offline repositories &gt; sync queue &gt; creates, reads, updates, and deletes queue items" time="0.005942062">
        </testcase>
        <testcase classname="apps/frontend/tests/offline/repositories.test.ts" name="offline repositories &gt; sync queue &gt; lists all items chronologically" time="0.003566377">
        </testcase>
        <testcase classname="apps/frontend/tests/offline/repositories.test.ts" name="offline repositories &gt; offline images &gt; creates, reads, updates, and deletes image blobs separately from session JSON" time="0.00780711">
        </testcase>
    </testsuite>
    <testsuite name="apps/frontend/tests/offline/storage.test.ts" timestamp="2026-05-22T10:05:20.253Z" hostname="runnervmrw5os" tests="3" failures="0" errors="0" skipped="0" time="0.007876979">
        <testcase classname="apps/frontend/tests/offline/storage.test.ts" name="persistent storage helpers &gt; returns unsupported when the Storage API is missing" time="0.003442164">
        </testcase>
        <testcase classname="apps/frontend/tests/offline/storage.test.ts" name="persistent storage helpers &gt; returns granted when persistence is already enabled" time="0.00189382">
        </testcase>
        <testcase classname="apps/frontend/tests/offline/storage.test.ts" name="persistent storage helpers &gt; returns denied when persistence is rejected" time="0.000801563">
        </testcase>
    </testsuite>
    <testsuite name="apps/frontend/tests/offline/submit-sync-session.test.ts" timestamp="2026-05-22T10:05:20.254Z" hostname="runnervmrw5os" tests="2" failures="0" errors="0" skipped="0" time="0.008401153">
        <testcase classname="apps/frontend/tests/offline/submit-sync-session.test.ts" name="submit sync session &gt; posts the payload with attached synced images" time="0.004989906">
        </testcase>
        <testcase classname="apps/frontend/tests/offline/submit-sync-session.test.ts" name="submit sync session &gt; throws when the API rejects the payload" time="0.001829631">
        </testcase>
    </testsuite>
    <testsuite name="apps/frontend/tests/offline/sync-queue-hooks.test.tsx" timestamp="2026-05-22T10:05:20.254Z" hostname="runnervmrw5os" tests="2" failures="0" errors="0" skipped="0" time="0.153383181">
        <testcase classname="apps/frontend/tests/offline/sync-queue-hooks.test.tsx" name="sync queue live query hooks &gt; reports pending and error counts from IndexedDB" time="0.08326209">
        </testcase>
        <testcase classname="apps/frontend/tests/offline/sync-queue-hooks.test.tsx" name="sync queue live query hooks &gt; lists queue items in createdAt order" time="0.068226913">
        </testcase>
    </testsuite>
    <testsuite name="apps/frontend/tests/offline/upload-offline-image.test.ts" timestamp="2026-05-22T10:05:20.255Z" hostname="runnervmrw5os" tests="3" failures="0" errors="0" skipped="0" time="0.051766476">
        <testcase classname="apps/frontend/tests/offline/upload-offline-image.test.ts" name="upload offline image &gt; requests a presigned URL and PUTs the blob once" time="0.036130717">
        </testcase>
        <testcase classname="apps/frontend/tests/offline/upload-offline-image.test.ts" name="upload offline image &gt; skips presign and PUT when upload metadata already exists" time="0.004808947">
        </testcase>
        <testcase classname="apps/frontend/tests/offline/upload-offline-image.test.ts" name="upload offline image &gt; uploads every image for a session" time="0.008414197">
        </testcase>
    </testsuite>
    <testsuite name="apps/frontend/tests/offline/validate-image.test.ts" timestamp="2026-05-22T10:05:20.255Z" hostname="runnervmrw5os" tests="4" failures="0" errors="0" skipped="0" time="0.034007025">
        <testcase classname="apps/frontend/tests/offline/validate-image.test.ts" name="image file validation &gt; accepts jpeg, png, and webp under the size limit" time="0.003384055">
        </testcase>
        <testcase classname="apps/frontend/tests/offline/validate-image.test.ts" name="image file validation &gt; rejects unsupported mime types" time="0.000720551">
        </testcase>
        <testcase classname="apps/frontend/tests/offline/validate-image.test.ts" name="image file validation &gt; rejects files over 30 MB" time="0.021691142">
        </testcase>
        <testcase classname="apps/frontend/tests/offline/validate-image.test.ts" name="offline image mapping &gt; maps validated metadata with a stable index and blob" time="0.005948785">
        </testcase>
    </testsuite>
    <testsuite name="apps/frontend/tests/routes/error-routes.test.tsx" timestamp="2026-05-22T10:05:20.256Z" hostname="runnervmrw5os" tests="3" failures="0" errors="0" skipped="0" time="0.446462225">
        <testcase classname="apps/frontend/tests/routes/error-routes.test.tsx" name="router not-found UI &gt; renders a 404 inside the app shell for unknown paths" time="0.182661202">
        </testcase>
        <testcase classname="apps/frontend/tests/routes/error-routes.test.tsx" name="router not-found UI &gt; renders recovery UI for an invalid history detail deep link" time="0.103498828">
        </testcase>
        <testcase classname="apps/frontend/tests/routes/error-routes.test.tsx" name="router error UI &gt; renders a recoverable error state with retry inside the app shell" time="0.15865111">
            <system-err>
Error: Simulated route failure
    at loader [90m(/home/runner/work/boulder.best/boulder.best/[39mapps/frontend/tests/routes/error-routes.test.tsx:78:11[90m)[39m
    at runLoader [90m(file:///home/runner/work/boulder.best/boulder.best/[39mnode_modules/[4m.pnpm[24m/@tanstack+router-core@1.171.3/node_modules/[4m@tanstack/router-core[24m/dist/esm/load-matches.js:361:33[90m)[39m
    at handleLoader [90m(file:///home/runner/work/boulder.best/boulder.best/[39mnode_modules/[4m.pnpm[24m/@tanstack+router-core@1.171.3/node_modules/[4m@tanstack/router-core[24m/dist/esm/load-matches.js:451:66[90m)[39m
    at loadRouteMatch [90m(file:///home/runner/work/boulder.best/boulder.best/[39mnode_modules/[4m.pnpm[24m/@tanstack+router-core@1.171.3/node_modules/[4m@tanstack/router-core[24m/dist/esm/load-matches.js:484:10[90m)[39m
    at loadMatches [90m(file:///home/runner/work/boulder.best/boulder.best/[39mnode_modules/[4m.pnpm[24m/@tanstack+router-core@1.171.3/node_modules/[4m@tanstack/router-core[24m/dist/esm/load-matches.js:529:65[90m)[39m
    at [90mfile:///home/runner/work/boulder.best/boulder.best/[39mnode_modules/[4m.pnpm[24m/@tanstack+router-core@1.171.3/node_modules/[4m@tanstack/router-core[24m/dist/esm/router.js:551:13
    at RouterCore.startTransition [90m(file:///home/runner/work/boulder.best/boulder.best/[39mnode_modules/[4m.pnpm[24m/@tanstack+router-core@1.171.3/node_modules/[4m@tanstack/router-core[24m/dist/esm/router.js:74:34[90m)[39m
    at [90mfile:///home/runner/work/boulder.best/boulder.best/[39mnode_modules/[4m.pnpm[24m/@tanstack+router-core@1.171.3/node_modules/[4m@tanstack/router-core[24m/dist/esm/router.js:538:10
    at new Promise (&lt;anonymous&gt;)
    at RouterCore.load [90m(file:///home/runner/work/boulder.best/boulder.best/[39mnode_modules/[4m.pnpm[24m/@tanstack+router-core@1.171.3/node_modules/[4m@tanstack/router-core[24m/dist/esm/router.js:537:18[90m)[39m {
  [stack]: [36m[Getter/Setter][39m,
  [message]: [32m&apos;Simulated route failure&apos;[39m
}

The above error occurred in the &lt;MatchInnerImpl&gt; component.

React will try to recreate this component tree from scratch using the error boundary you provided, CatchBoundaryImpl.

Warning: Error in route match: /__router-error-probe/__router-error-probe

Error: Simulated route failure
    at loader [90m(/home/runner/work/boulder.best/boulder.best/[39mapps/frontend/tests/routes/error-routes.test.tsx:78:11[90m)[39m
    at runLoader [90m(file:///home/runner/work/boulder.best/boulder.best/[39mnode_modules/[4m.pnpm[24m/@tanstack+router-core@1.171.3/node_modules/[4m@tanstack/router-core[24m/dist/esm/load-matches.js:361:33[90m)[39m
    at handleLoader [90m(file:///home/runner/work/boulder.best/boulder.best/[39mnode_modules/[4m.pnpm[24m/@tanstack+router-core@1.171.3/node_modules/[4m@tanstack/router-core[24m/dist/esm/load-matches.js:451:66[90m)[39m
    at loadRouteMatch [90m(file:///home/runner/work/boulder.best/boulder.best/[39mnode_modules/[4m.pnpm[24m/@tanstack+router-core@1.171.3/node_modules/[4m@tanstack/router-core[24m/dist/esm/load-matches.js:484:10[90m)[39m
    at loadMatches [90m(file:///home/runner/work/boulder.best/boulder.best/[39mnode_modules/[4m.pnpm[24m/@tanstack+router-core@1.171.3/node_modules/[4m@tanstack/router-core[24m/dist/esm/load-matches.js:529:65[90m)[39m
    at [90mfile:///home/runner/work/boulder.best/boulder.best/[39mnode_modules/[4m.pnpm[24m/@tanstack+router-core@1.171.3/node_modules/[4m@tanstack/router-core[24m/dist/esm/router.js:551:13
    at [90mfile:///home/runner/work/boulder.best/boulder.best/[39mnode_modules/[4m.pnpm[24m/@tanstack+react-router@1.170.5_react-dom@19.2.6_react@19.2.6__react@19.2.6/node_modules/[4m@tanstack/react-router[24m/dist/esm/Transitioner.js:25:4
    at Module.process.env.NODE_ENV.exports.startTransition [90m(/home/runner/work/boulder.best/boulder.best/[39mnode_modules/[4m.pnpm[24m/react@19.2.6/node_modules/[4mreact[24m/cjs/react.development.js:1158:27[90m)[39m
    at Router.Transitioner.router.startTransition [90m(file:///home/runner/work/boulder.best/boulder.best/[39mnode_modules/[4m.pnpm[24m/@tanstack+react-router@1.170.5_react-dom@19.2.6_react@19.2.6__react@19.2.6/node_modules/[4m@tanstack/react-router[24m/dist/esm/Transitioner.js:24:11[90m)[39m
    at [90mfile:///home/runner/work/boulder.best/boulder.best/[39mnode_modules/[4m.pnpm[24m/@tanstack+router-core@1.171.3/node_modules/[4m@tanstack/router-core[24m/dist/esm/router.js:538:10 {
  [stack]: [36m[Getter/Setter][39m,
  [message]: [32m&apos;Simulated route failure&apos;[39m
}

The above error occurred in the &lt;MatchInnerImpl&gt; component.

React will try to recreate this component tree from scratch using the error boundary you provided, CatchBoundaryImpl.

Warning: Error in route match: /__router-error-probe/__router-error-probe

Error: Simulated route failure
    at loader [90m(/home/runner/work/boulder.best/boulder.best/[39mapps/frontend/tests/routes/error-routes.test.tsx:78:11[90m)[39m
    at runLoader [90m(file:///home/runner/work/boulder.best/boulder.best/[39mnode_modules/[4m.pnpm[24m/@tanstack+router-core@1.171.3/node_modules/[4m@tanstack/router-core[24m/dist/esm/load-matches.js:361:33[90m)[39m
    at handleLoader [90m(file:///home/runner/work/boulder.best/boulder.best/[39mnode_modules/[4m.pnpm[24m/@tanstack+router-core@1.171.3/node_modules/[4m@tanstack/router-core[24m/dist/esm/load-matches.js:451:66[90m)[39m
    at loadRouteMatch [90m(file:///home/runner/work/boulder.best/boulder.best/[39mnode_modules/[4m.pnpm[24m/@tanstack+router-core@1.171.3/node_modules/[4m@tanstack/router-core[24m/dist/esm/load-matches.js:484:10[90m)[39m
    at loadMatches [90m(file:///home/runner/work/boulder.best/boulder.best/[39mnode_modules/[4m.pnpm[24m/@tanstack+router-core@1.171.3/node_modules/[4m@tanstack/router-core[24m/dist/esm/load-matches.js:529:65[90m)[39m
    at [90mfile:///home/runner/work/boulder.best/boulder.best/[39mnode_modules/[4m.pnpm[24m/@tanstack+router-core@1.171.3/node_modules/[4m@tanstack/router-core[24m/dist/esm/router.js:551:13
    at [90mfile:///home/runner/work/boulder.best/boulder.best/[39mnode_modules/[4m.pnpm[24m/@tanstack+react-router@1.170.5_react-dom@19.2.6_react@19.2.6__react@19.2.6/node_modules/[4m@tanstack/react-router[24m/dist/esm/Transitioner.js:25:4
    at Module.process.env.NODE_ENV.exports.startTransition [90m(/home/runner/work/boulder.best/boulder.best/[39mnode_modules/[4m.pnpm[24m/react@19.2.6/node_modules/[4mreact[24m/cjs/react.development.js:1158:27[90m)[39m
    at Router.Transitioner.router.startTransition [90m(file:///home/runner/work/boulder.best/boulder.best/[39mnode_modules/[4m.pnpm[24m/@tanstack+react-router@1.170.5_react-dom@19.2.6_react@19.2.6__react@19.2.6/node_modules/[4m@tanstack/react-router[24m/dist/esm/Transitioner.js:24:11[90m)[39m
    at [90mfile:///home/runner/work/boulder.best/boulder.best/[39mnode_modules/[4m.pnpm[24m/@tanstack+router-core@1.171.3/node_modules/[4m@tanstack/router-core[24m/dist/esm/router.js:538:10 {
  [stack]: [36m[Getter/Setter][39m,
  [message]: [32m&apos;Simulated route failure&apos;[39m
}

The above error occurred in the &lt;MatchInnerImpl&gt; component.

React will try to recreate this component tree from scratch using the error boundary you provided, CatchBoundaryImpl.

Warning: Error in route match: /__router-error-probe/__router-error-probe

            </system-err>
        </testcase>
    </testsuite>
    <testsuite name="apps/frontend/tests/routes/home.test.tsx" timestamp="2026-05-22T10:05:20.257Z" hostname="runnervmrw5os" tests="4" failures="0" errors="0" skipped="0" time="0.424109929">
        <testcase classname="apps/frontend/tests/routes/home.test.tsx" name="home route &gt; shows landing content and navigation CTAs without calling the hello API" time="0.231148459">
        </testcase>
        <testcase classname="apps/frontend/tests/routes/home.test.tsx" name="home route &gt; tells signed-out users that sessions stay on-device until sign-in" time="0.079862411">
        </testcase>
        <testcase classname="apps/frontend/tests/routes/home.test.tsx" name="home route &gt; shows a light welcome message when signed in" time="0.063293206">
        </testcase>
        <testcase classname="apps/frontend/tests/routes/home.test.tsx" name="home route &gt; welcomes signed-in users by email when no display name is set" time="0.047606038">
        </testcase>
    </testsuite>
    <testsuite name="apps/frontend/tests/theme/color-scheme.test.tsx" timestamp="2026-05-22T10:05:20.258Z" hostname="runnervmrw5os" tests="5" failures="0" errors="0" skipped="0" time="0.267775949">
        <testcase classname="apps/frontend/tests/theme/color-scheme.test.tsx" name="color scheme preference &gt; defaults to system and follows the OS light preference" time="0.09355044">
        </testcase>
        <testcase classname="apps/frontend/tests/theme/color-scheme.test.tsx" name="color scheme preference &gt; defaults to system and follows the OS dark preference" time="0.030733792">
        </testcase>
        <testcase classname="apps/frontend/tests/theme/color-scheme.test.tsx" name="color scheme preference &gt; persists dark mode across remounts" time="0.065994164">
        </testcase>
        <testcase classname="apps/frontend/tests/theme/color-scheme.test.tsx" name="color scheme preference &gt; updates the resolved scheme when system preference changes" time="0.042765809">
        </testcase>
        <testcase classname="apps/frontend/tests/theme/color-scheme.test.tsx" name="color scheme preference &gt; restores an explicit light preference from local storage" time="0.032676951">
        </testcase>
    </testsuite>
    <testsuite name="apps/frontend/tests/tracker/climb-photo-attachments.test.tsx" timestamp="2026-05-22T10:05:20.259Z" hostname="runnervmrw5os" tests="3" failures="0" errors="0" skipped="0" time="0.173485597">
        <testcase classname="apps/frontend/tests/tracker/climb-photo-attachments.test.tsx" name="climb photo attachments &gt; renders previews for multiple stored photos" time="0.123166655">
        </testcase>
        <testcase classname="apps/frontend/tests/tracker/climb-photo-attachments.test.tsx" name="climb photo attachments &gt; deletes a pending photo from storage" time="0.043094034">
        </testcase>
        <testcase classname="apps/frontend/tests/tracker/climb-photo-attachments.test.tsx" name="climb photo attachments &gt; hides attach controls when finalized" time="0.005166258">
        </testcase>
    </testsuite>
    <testsuite name="apps/frontend/tests/tracker/entry-factory.test.ts" timestamp="2026-05-22T10:05:20.260Z" hostname="runnervmrw5os" tests="2" failures="0" errors="0" skipped="0" time="0.00526378">
        <testcase classname="apps/frontend/tests/tracker/entry-factory.test.ts" name="entry factory &gt; names climbs using climb-only ordinals" time="0.002518442">
        </testcase>
        <testcase classname="apps/frontend/tests/tracker/entry-factory.test.ts" name="entry factory &gt; resequences entries after removal" time="0.001051692">
        </testcase>
    </testsuite>
    <testsuite name="apps/frontend/tests/tracker/session-form-state.test.ts" timestamp="2026-05-22T10:05:20.260Z" hostname="runnervmrw5os" tests="6" failures="0" errors="0" skipped="0" time="0.014689574">
        <testcase classname="apps/frontend/tests/tracker/session-form-state.test.ts" name="session form state &gt; creates a not-started session with a generated id" time="0.00408533">
        </testcase>
        <testcase classname="apps/frontend/tests/tracker/session-form-state.test.ts" name="session form state &gt; starts a session with gym selected and records startTime" time="0.003654903">
        </testcase>
        <testcase classname="apps/frontend/tests/tracker/session-form-state.test.ts" name="session form state &gt; requires a gym before starting" time="0.001077801">
        </testcase>
        <testcase classname="apps/frontend/tests/tracker/session-form-state.test.ts" name="session form state &gt; requires a location when the gym has catalog locations" time="0.000304671">
        </testcase>
        <testcase classname="apps/frontend/tests/tracker/session-form-state.test.ts" name="session form state &gt; stops an active session with final timestamps and duration" time="0.003433708">
        </testcase>
        <testcase classname="apps/frontend/tests/tracker/session-form-state.test.ts" name="session form state &gt; derives a running display timer while active" time="0.0004536">
        </testcase>
    </testsuite>
    <testsuite name="apps/frontend/tests/tracker/session-form.test.tsx" timestamp="2026-05-22T10:05:20.261Z" hostname="runnervmrw5os" tests="4" failures="0" errors="0" skipped="0" time="0.545650482">
        <testcase classname="apps/frontend/tests/tracker/session-form.test.tsx" name="SessionForm &gt; disables start until a gym is selected" time="0.129608829">
        </testcase>
        <testcase classname="apps/frontend/tests/tracker/session-form.test.tsx" name="SessionForm &gt; disables start until a location is selected when the gym has locations" time="0.201158162">
        </testcase>
        <testcase classname="apps/frontend/tests/tracker/session-form.test.tsx" name="SessionForm &gt; does not render a session-level timer in the form header" time="0.058585472">
        </testcase>
        <testcase classname="apps/frontend/tests/tracker/session-form.test.tsx" name="SessionForm &gt; starts and stops a session" time="0.154453591">
        </testcase>
    </testsuite>
    <testsuite name="apps/frontend/tests/tracker/timer-orchestration.test.ts" timestamp="2026-05-22T10:05:20.262Z" hostname="runnervmrw5os" tests="3" failures="0" errors="0" skipped="0" time="0.015885156">
        <testcase classname="apps/frontend/tests/tracker/timer-orchestration.test.ts" name="timer orchestration &gt; pauses running climb timers when a break starts" time="0.010193914">
        </testcase>
        <testcase classname="apps/frontend/tests/tracker/timer-orchestration.test.ts" name="timer orchestration &gt; ends a break and resumes the previous paused climb" time="0.002386815">
        </testcase>
        <testcase classname="apps/frontend/tests/tracker/timer-orchestration.test.ts" name="timer orchestration &gt; pauseAllRunningClimbs leaves breaks unchanged" time="0.00162106">
        </testcase>
    </testsuite>
    <testsuite name="packages/api-contract/tests/routes.test.ts" timestamp="2026-05-22T10:05:20.262Z" hostname="runnervmrw5os" tests="9" failures="0" errors="0" skipped="0" time="0.087649116">
        <testcase classname="packages/api-contract/tests/routes.test.ts" name="MVP OpenAPI route definitions &gt; defines the expected methods and paths" time="0.002284534">
        </testcase>
        <testcase classname="packages/api-contract/tests/routes.test.ts" name="MVP OpenAPI route definitions &gt; wires request and response schemas for each route" time="0.000621956">
        </testcase>
        <testcase classname="packages/api-contract/tests/routes.test.ts" name="OpenAPI document &gt; serves deployed health JSON under /api" time="0.031848385">
        </testcase>
        <testcase classname="packages/api-contract/tests/routes.test.ts" name="OpenAPI document &gt; keeps the legacy health path available for direct Worker checks" time="0.000719709">
        </testcase>
        <testcase classname="packages/api-contract/tests/routes.test.ts" name="OpenAPI document &gt; serves OpenAPI JSON at /openapi.json" time="0.029948968">
        </testcase>
        <testcase classname="packages/api-contract/tests/routes.test.ts" name="OpenAPI document &gt; includes all MVP paths in the generated document" time="0.013680171">
        </testcase>
        <testcase classname="packages/api-contract/tests/routes.test.ts" name="contract request validation &gt; rejects invalid presign payloads before handlers run" time="0.003456681">
        </testcase>
        <testcase classname="packages/api-contract/tests/routes.test.ts" name="contract request validation &gt; accepts valid presign payloads" time="0.001229345">
        </testcase>
        <testcase classname="packages/api-contract/tests/routes.test.ts" name="contract request validation &gt; accepts valid sync payloads" time="0.002102984">
        </testcase>
    </testsuite>
    <testsuite name="packages/api-contract/tests/rpc-client.test.ts" timestamp="2026-05-22T10:05:20.264Z" hostname="runnervmrw5os" tests="6" failures="0" errors="0" skipped="0" time="0.008551719">
        <testcase classname="packages/api-contract/tests/rpc-client.test.ts" name="api client factory &gt; sends cookies on cross-origin requests" time="0.00371515">
        </testcase>
        <testcase classname="packages/api-contract/tests/rpc-client.test.ts" name="api client factory &gt; does not reference apps/api in package declarations" time="0.001447244">
        </testcase>
        <testcase classname="packages/api-contract/tests/rpc-client.test.ts" name="RPC client types &gt; exposes MVP routes on the typed client" time="0.000631474">
        </testcase>
        <testcase classname="packages/api-contract/tests/rpc-client.test.ts" name="RPC client types &gt; types gym list responses from the contract schemas" time="0.000194455">
        </testcase>
        <testcase classname="packages/api-contract/tests/rpc-client.test.ts" name="RPC client types &gt; types sync session request bodies" time="0.00020221">
        </testcase>
        <testcase classname="packages/api-contract/tests/rpc-client.test.ts" name="RPC client types &gt; matches createApiClient return type" time="0.000241012">
        </testcase>
    </testsuite>
    <testsuite name="packages/api-contract/tests/schemas.test.ts" timestamp="2026-05-22T10:05:20.265Z" hostname="runnervmrw5os" tests="20" failures="0" errors="0" skipped="0" time="0.025187388">
        <testcase classname="packages/api-contract/tests/schemas.test.ts" name="synced image schema &gt; accepts valid image metadata" time="0.004089018">
        </testcase>
        <testcase classname="packages/api-contract/tests/schemas.test.ts" name="synced image schema &gt; rejects invalid content type and non-positive content length" time="0.001340354">
        </testcase>
        <testcase classname="packages/api-contract/tests/schemas.test.ts" name="gyms response schema &gt; accepts a list of gyms" time="0.001312281">
        </testcase>
        <testcase classname="packages/api-contract/tests/schemas.test.ts" name="gyms response schema &gt; rejects gyms with invalid ids or empty names" time="0.000903895">
        </testcase>
        <testcase classname="packages/api-contract/tests/schemas.test.ts" name="presigned upload request schema &gt; accepts a valid presign request at the size limit" time="0.000825197">
        </testcase>
        <testcase classname="packages/api-contract/tests/schemas.test.ts" name="presigned upload request schema &gt; rejects uploads over 30 MB with the correct message" time="0.00084302">
        </testcase>
        <testcase classname="packages/api-contract/tests/schemas.test.ts" name="presigned upload request schema &gt; rejects missing session linkage fields and invalid mime types" time="0.001106695">
        </testcase>
        <testcase classname="packages/api-contract/tests/schemas.test.ts" name="presigned upload response schema &gt; accepts upload URL, object key, photo URL, and nested image metadata" time="0.000908714">
        </testcase>
        <testcase classname="packages/api-contract/tests/schemas.test.ts" name="sync session payload schema &gt; accepts a valid sync payload with multiple climb images" time="0.003532924">
        </testcase>
        <testcase classname="packages/api-contract/tests/schemas.test.ts" name="sync session payload schema &gt; rejects invalid session ids, timestamps, and negative durations" time="0.001897898">
        </testcase>
        <testcase classname="packages/api-contract/tests/schemas.test.ts" name="sync session payload schema &gt; rejects climb rows missing the discriminant or images array" time="0.000601688">
        </testcase>
        <testcase classname="packages/api-contract/tests/schemas.test.ts" name="sync session payload schema &gt; accepts null location and rejects empty location strings" time="0.000438491">
        </testcase>
        <testcase classname="packages/api-contract/tests/schemas.test.ts" name="sync session payload schema &gt; rejects break rows that include climb-only fields" time="0.00032511">
        </testcase>
        <testcase classname="packages/api-contract/tests/schemas.test.ts" name="session history list query schema &gt; defaults limit to 20 and accepts cursor pagination input" time="0.00107742">
        </testcase>
        <testcase classname="packages/api-contract/tests/schemas.test.ts" name="session history list query schema &gt; rejects limits outside 1-50 and invalid cursors" time="0.000604924">
        </testcase>
        <testcase classname="packages/api-contract/tests/schemas.test.ts" name="session history list response schema &gt; accepts paginated history list items" time="0.000727945">
        </testcase>
        <testcase classname="packages/api-contract/tests/schemas.test.ts" name="session history list response schema &gt; rejects list items missing gymName or endTime" time="0.000242485">
        </testcase>
        <testcase classname="packages/api-contract/tests/schemas.test.ts" name="session detail response schema &gt; accepts session detail with ordered climb images metadata" time="0.001545438">
        </testcase>
        <testcase classname="packages/api-contract/tests/schemas.test.ts" name="session detail response schema &gt; rejects detail payloads with unsorted-type invalid entries" time="0.000278092">
        </testcase>
        <testcase classname="packages/api-contract/tests/schemas.test.ts" name="image upload limit constant &gt; matches the 30 MB MVP limit" time="0.000113904">
        </testcase>
    </testsuite>
</testsuites>
